[2024-05-15 22:57:43] [ INFO ] [BD:35] Tabla ODONTOLOGOS creada o ya existe
[2024-05-15 22:57:43] [ INFO ] [BD:42] Conexión a la base de datos cerrada
[2024-05-15 22:59:56] [ INFO ] [BD:35] Tabla ODONTOLOGOS creada o ya existe
[2024-05-15 22:59:56] [ INFO ] [BD:42] Conexión a la base de datos cerrada
[2024-05-15 23:01:18] [ INFO ] [OdontologoDaoH2:29] Odontólogo guardado: Odontologo{id=10, numeroMatricula='123', nombre='John', apellido='Doe'}
[2024-05-15 23:01:18] [ INFO ] [OdontologoDaoH2:37] Conexión a la base de datos cerrada
[2024-05-15 23:01:18] [ INFO ] [OdontologoService:19] Odontólogo guardado: Odontologo{id=10, numeroMatricula='123', nombre='John', apellido='Doe'}
[2024-05-15 23:01:18] [ INFO ] [OdontologoDaoH2:57] Odontólogo encontrado: Odontologo{id=10, numeroMatricula='123', nombre='John', apellido='Doe'}
[2024-05-15 23:01:18] [ INFO ] [OdontologoDaoH2:65] Conexión a la base de datos cerrada
[2024-05-15 23:01:18] [ INFO ] [OdontologoService:30] Odontólogo encontrado: Odontologo{id=10, numeroMatricula='123', nombre='John', apellido='Doe'}
[2024-05-15 23:01:18] [ INFO ] [OdontologoDaoH2:29] Odontólogo guardado: Odontologo{id=11, numeroMatricula='123', nombre='John', apellido='Doe'}
[2024-05-15 23:01:18] [ INFO ] [OdontologoDaoH2:37] Conexión a la base de datos cerrada
[2024-05-15 23:01:18] [ INFO ] [OdontologoService:19] Odontólogo guardado: Odontologo{id=11, numeroMatricula='123', nombre='John', apellido='Doe'}
[2024-05-15 23:01:18] [ INFO ] [OdontologoDaoH2:29] Odontólogo guardado: Odontologo{id=12, numeroMatricula='456', nombre='Jane', apellido='Smith'}
[2024-05-15 23:01:18] [ INFO ] [OdontologoDaoH2:37] Conexión a la base de datos cerrada
[2024-05-15 23:01:18] [ INFO ] [OdontologoService:19] Odontólogo guardado: Odontologo{id=12, numeroMatricula='456', nombre='Jane', apellido='Smith'}
[2024-05-15 23:01:18] [ INFO ] [OdontologoDaoH2:108] Lista de todos los odontólogos: [Odontologo{id=1, numeroMatricula='123', nombre='John', apellido='Doe'}, Odontologo{id=2, numeroMatricula='123', nombre='John', apellido='Doe'}, Odontologo{id=3, numeroMatricula='456', nombre='Jane', apellido='Smith'}, Odontologo{id=4, numeroMatricula='123', nombre='John', apellido='Doe'}, Odontologo{id=5, numeroMatricula='123', nombre='John', apellido='Doe'}, Odontologo{id=6, numeroMatricula='456', nombre='Jane', apellido='Smith'}, Odontologo{id=7, numeroMatricula='123', nombre='John', apellido='Doe'}, Odontologo{id=8, numeroMatricula='123', nombre='John', apellido='Doe'}, Odontologo{id=9, numeroMatricula='456', nombre='Jane', apellido='Smith'}, Odontologo{id=10, numeroMatricula='123', nombre='John', apellido='Doe'}, Odontologo{id=11, numeroMatricula='123', nombre='John', apellido='Doe'}, Odontologo{id=12, numeroMatricula='456', nombre='Jane', apellido='Smith'}]
[2024-05-15 23:01:18] [ INFO ] [OdontologoDaoH2:115] Conexión a la base de datos cerrada
[2024-05-15 23:01:18] [ INFO ] [OdontologoService:36] Lista de todos los odontólogos: [Odontologo{id=1, numeroMatricula='123', nombre='John', apellido='Doe'}, Odontologo{id=2, numeroMatricula='123', nombre='John', apellido='Doe'}, Odontologo{id=3, numeroMatricula='456', nombre='Jane', apellido='Smith'}, Odontologo{id=4, numeroMatricula='123', nombre='John', apellido='Doe'}, Odontologo{id=5, numeroMatricula='123', nombre='John', apellido='Doe'}, Odontologo{id=6, numeroMatricula='456', nombre='Jane', apellido='Smith'}, Odontologo{id=7, numeroMatricula='123', nombre='John', apellido='Doe'}, Odontologo{id=8, numeroMatricula='123', nombre='John', apellido='Doe'}, Odontologo{id=9, numeroMatricula='456', nombre='Jane', apellido='Smith'}, Odontologo{id=10, numeroMatricula='123', nombre='John', apellido='Doe'}, Odontologo{id=11, numeroMatricula='123', nombre='John', apellido='Doe'}, Odontologo{id=12, numeroMatricula='456', nombre='Jane', apellido='Smith'}]
[2024-05-15 23:02:22] [ INFO ] [OdontologoDaoH2:29] Odontólogo guardado: Odontologo{id=13, numeroMatricula='123', nombre='John', apellido='Doe'}
[2024-05-15 23:02:22] [ INFO ] [OdontologoDaoH2:37] Conexión a la base de datos cerrada
[2024-05-15 23:02:22] [ INFO ] [OdontologoService:19] Odontólogo guardado: Odontologo{id=13, numeroMatricula='123', nombre='John', apellido='Doe'}
[2024-05-15 23:02:22] [ INFO ] [OdontologoDaoH2:57] Odontólogo encontrado: Odontologo{id=13, numeroMatricula='123', nombre='John', apellido='Doe'}
[2024-05-15 23:02:22] [ INFO ] [OdontologoDaoH2:65] Conexión a la base de datos cerrada
[2024-05-15 23:02:22] [ INFO ] [OdontologoService:30] Odontólogo encontrado: Odontologo{id=13, numeroMatricula='123', nombre='John', apellido='Doe'}
[2024-05-15 23:02:22] [ INFO ] [OdontologoDaoH2:29] Odontólogo guardado: Odontologo{id=14, numeroMatricula='123', nombre='John', apellido='Doe'}
[2024-05-15 23:02:22] [ INFO ] [OdontologoDaoH2:37] Conexión a la base de datos cerrada
[2024-05-15 23:02:22] [ INFO ] [OdontologoService:19] Odontólogo guardado: Odontologo{id=14, numeroMatricula='123', nombre='John', apellido='Doe'}
[2024-05-15 23:02:22] [ INFO ] [OdontologoDaoH2:29] Odontólogo guardado: Odontologo{id=15, numeroMatricula='456', nombre='Jane', apellido='Smith'}
[2024-05-15 23:02:22] [ INFO ] [OdontologoDaoH2:37] Conexión a la base de datos cerrada
[2024-05-15 23:02:22] [ INFO ] [OdontologoService:19] Odontólogo guardado: Odontologo{id=15, numeroMatricula='456', nombre='Jane', apellido='Smith'}
[2024-05-15 23:02:22] [ INFO ] [OdontologoDaoH2:108] Lista de todos los odontólogos: [Odontologo{id=14, numeroMatricula='123', nombre='John', apellido='Doe'}, Odontologo{id=15, numeroMatricula='456', nombre='Jane', apellido='Smith'}]
[2024-05-15 23:02:22] [ INFO ] [OdontologoDaoH2:115] Conexión a la base de datos cerrada
[2024-05-15 23:02:22] [ INFO ] [OdontologoService:36] Lista de todos los odontólogos: [Odontologo{id=14, numeroMatricula='123', nombre='John', apellido='Doe'}, Odontologo{id=15, numeroMatricula='456', nombre='Jane', apellido='Smith'}]
[2024-05-15 23:02:58] [ INFO ] [OdontologoDaoH2:29] Odontólogo guardado: Odontologo{id=16, numeroMatricula='123', nombre='John', apellido='Doe'}
[2024-05-15 23:02:58] [ INFO ] [OdontologoDaoH2:37] Conexión a la base de datos cerrada
[2024-05-15 23:02:58] [ INFO ] [OdontologoService:19] Odontólogo guardado: Odontologo{id=16, numeroMatricula='123', nombre='John', apellido='Doe'}
[2024-05-15 23:02:58] [ INFO ] [OdontologoDaoH2:57] Odontólogo encontrado: Odontologo{id=16, numeroMatricula='123', nombre='John', apellido='Doe'}
[2024-05-15 23:02:58] [ INFO ] [OdontologoDaoH2:65] Conexión a la base de datos cerrada
[2024-05-15 23:02:58] [ INFO ] [OdontologoService:30] Odontólogo encontrado: Odontologo{id=16, numeroMatricula='123', nombre='John', apellido='Doe'}
[2024-05-15 23:02:58] [ INFO ] [OdontologoDaoH2:29] Odontólogo guardado: Odontologo{id=17, numeroMatricula='123', nombre='John', apellido='Doe'}
[2024-05-15 23:02:58] [ INFO ] [OdontologoDaoH2:37] Conexión a la base de datos cerrada
[2024-05-15 23:02:58] [ INFO ] [OdontologoService:19] Odontólogo guardado: Odontologo{id=17, numeroMatricula='123', nombre='John', apellido='Doe'}
[2024-05-15 23:02:58] [ INFO ] [OdontologoDaoH2:29] Odontólogo guardado: Odontologo{id=18, numeroMatricula='456', nombre='Jane', apellido='Smith'}
[2024-05-15 23:02:58] [ INFO ] [OdontologoDaoH2:37] Conexión a la base de datos cerrada
[2024-05-15 23:02:58] [ INFO ] [OdontologoService:19] Odontólogo guardado: Odontologo{id=18, numeroMatricula='456', nombre='Jane', apellido='Smith'}
[2024-05-15 23:02:58] [ INFO ] [OdontologoDaoH2:108] Lista de todos los odontólogos: [Odontologo{id=17, numeroMatricula='123', nombre='John', apellido='Doe'}, Odontologo{id=18, numeroMatricula='456', nombre='Jane', apellido='Smith'}]
[2024-05-15 23:02:58] [ INFO ] [OdontologoDaoH2:115] Conexión a la base de datos cerrada
[2024-05-15 23:02:58] [ INFO ] [OdontologoService:36] Lista de todos los odontólogos: [Odontologo{id=17, numeroMatricula='123', nombre='John', apellido='Doe'}, Odontologo{id=18, numeroMatricula='456', nombre='Jane', apellido='Smith'}]
[2024-05-15 23:05:56] [ INFO ] [OdontologoDaoH2:29] Odontólogo guardado: Odontologo{id=19, numeroMatricula='123', nombre='John', apellido='Doe'}
[2024-05-15 23:05:56] [ INFO ] [OdontologoDaoH2:37] Conexión a la base de datos cerrada
[2024-05-15 23:05:56] [ INFO ] [OdontologoService:19] Odontólogo guardado: Odontologo{id=19, numeroMatricula='123', nombre='John', apellido='Doe'}
[2024-05-15 23:05:56] [ INFO ] [OdontologoDaoH2:57] Odontólogo encontrado: Odontologo{id=19, numeroMatricula='123', nombre='John', apellido='Doe'}
[2024-05-15 23:05:56] [ INFO ] [OdontologoDaoH2:65] Conexión a la base de datos cerrada
[2024-05-15 23:05:56] [ INFO ] [OdontologoService:30] Odontólogo encontrado: Odontologo{id=19, numeroMatricula='123', nombre='John', apellido='Doe'}
[2024-05-15 23:05:56] [ INFO ] [OdontologoDaoH2:29] Odontólogo guardado: Odontologo{id=20, numeroMatricula='123', nombre='John', apellido='Doe'}
[2024-05-15 23:05:56] [ INFO ] [OdontologoDaoH2:37] Conexión a la base de datos cerrada
[2024-05-15 23:05:56] [ INFO ] [OdontologoService:19] Odontólogo guardado: Odontologo{id=20, numeroMatricula='123', nombre='John', apellido='Doe'}
[2024-05-15 23:05:56] [ INFO ] [OdontologoDaoH2:29] Odontólogo guardado: Odontologo{id=21, numeroMatricula='456', nombre='Jane', apellido='Smith'}
[2024-05-15 23:05:56] [ INFO ] [OdontologoDaoH2:37] Conexión a la base de datos cerrada
[2024-05-15 23:05:56] [ INFO ] [OdontologoService:19] Odontólogo guardado: Odontologo{id=21, numeroMatricula='456', nombre='Jane', apellido='Smith'}
[2024-05-15 23:05:56] [ INFO ] [OdontologoDaoH2:108] Lista de todos los odontólogos: [Odontologo{id=20, numeroMatricula='123', nombre='John', apellido='Doe'}, Odontologo{id=21, numeroMatricula='456', nombre='Jane', apellido='Smith'}]
[2024-05-15 23:05:56] [ INFO ] [OdontologoDaoH2:115] Conexión a la base de datos cerrada
[2024-05-15 23:05:56] [ INFO ] [OdontologoService:36] Lista de todos los odontólogos: [Odontologo{id=20, numeroMatricula='123', nombre='John', apellido='Doe'}, Odontologo{id=21, numeroMatricula='456', nombre='Jane', apellido='Smith'}]
[2024-05-15 23:18:36] [ INFO ] [OdontologoDaoH2:29] Odontólogo guardado: Odontologo{id=22, numeroMatricula='123', nombre='John', apellido='Doe'}
[2024-05-15 23:18:36] [ INFO ] [OdontologoDaoH2:37] Conexión a la base de datos cerrada
[2024-05-15 23:18:36] [ INFO ] [OdontologoService:19] Odontólogo guardado: Odontologo{id=22, numeroMatricula='123', nombre='John', apellido='Doe'}
[2024-05-15 23:18:36] [ INFO ] [OdontologoDaoH2:57] Odontólogo encontrado: Odontologo{id=22, numeroMatricula='123', nombre='John', apellido='Doe'}
[2024-05-15 23:18:36] [ INFO ] [OdontologoDaoH2:65] Conexión a la base de datos cerrada
[2024-05-15 23:18:36] [ INFO ] [OdontologoService:30] Odontólogo encontrado: Odontologo{id=22, numeroMatricula='123', nombre='John', apellido='Doe'}
[2024-05-15 23:18:36] [ INFO ] [OdontologoDaoH2:29] Odontólogo guardado: Odontologo{id=23, numeroMatricula='123', nombre='John', apellido='Doe'}
[2024-05-15 23:18:36] [ INFO ] [OdontologoDaoH2:37] Conexión a la base de datos cerrada
[2024-05-15 23:18:36] [ INFO ] [OdontologoService:19] Odontólogo guardado: Odontologo{id=23, numeroMatricula='123', nombre='John', apellido='Doe'}
[2024-05-15 23:18:36] [ INFO ] [OdontologoDaoH2:29] Odontólogo guardado: Odontologo{id=24, numeroMatricula='456', nombre='Jane', apellido='Smith'}
[2024-05-15 23:18:36] [ INFO ] [OdontologoDaoH2:37] Conexión a la base de datos cerrada
[2024-05-15 23:18:36] [ INFO ] [OdontologoService:19] Odontólogo guardado: Odontologo{id=24, numeroMatricula='456', nombre='Jane', apellido='Smith'}
[2024-05-15 23:18:36] [ INFO ] [OdontologoDaoH2:108] Lista de todos los odontólogos: [Odontologo{id=23, numeroMatricula='123', nombre='John', apellido='Doe'}, Odontologo{id=24, numeroMatricula='456', nombre='Jane', apellido='Smith'}]
[2024-05-15 23:18:36] [ INFO ] [OdontologoDaoH2:115] Conexión a la base de datos cerrada
[2024-05-15 23:18:36] [ INFO ] [OdontologoService:36] Lista de todos los odontólogos: [Odontologo{id=23, numeroMatricula='123', nombre='John', apellido='Doe'}, Odontologo{id=24, numeroMatricula='456', nombre='Jane', apellido='Smith'}]
[2024-05-15 23:25:13] [ INFO ] [BD:35] Tabla ODONTOLOGOS creada o ya existe
[2024-05-15 23:25:13] [ INFO ] [BD:42] Conexión a la base de datos cerrada
[2024-05-15 23:25:30] [ INFO ] [BD:35] Tabla ODONTOLOGOS creada o ya existe
[2024-05-15 23:25:30] [ INFO ] [BD:42] Conexión a la base de datos cerrada
[2024-05-15 23:26:37] [ INFO ] [BD:35] Tabla ODONTOLOGOS creada o ya existe
[2024-05-15 23:26:37] [ INFO ] [BD:42] Conexión a la base de datos cerrada
[2024-05-15 23:26:45] [ INFO ] [OdontologoDaoCollection:18] Odontólogo guardado: Odontologo{id=1, numeroMatricula='123', nombre='John', apellido='Doe'}
[2024-05-15 23:26:45] [ INFO ] [OdontologoService:18] Odontólogo guardado: Odontologo{id=1, numeroMatricula='123', nombre='John', apellido='Doe'}
[2024-05-15 23:26:45] [ INFO ] [OdontologoDaoCollection:26] Odontólogo encontrado: Odontologo{id=1, numeroMatricula='123', nombre='John', apellido='Doe'}
[2024-05-15 23:26:45] [ INFO ] [OdontologoService:29] Odontólogo encontrado: Odontologo{id=1, numeroMatricula='123', nombre='John', apellido='Doe'}
[2024-05-15 23:26:45] [ INFO ] [OdontologoDaoCollection:18] Odontólogo guardado: Odontologo{id=1, numeroMatricula='123', nombre='John', apellido='Doe'}
[2024-05-15 23:26:45] [ INFO ] [OdontologoService:18] Odontólogo guardado: Odontologo{id=1, numeroMatricula='123', nombre='John', apellido='Doe'}
[2024-05-15 23:26:45] [ INFO ] [OdontologoDaoCollection:18] Odontólogo guardado: Odontologo{id=2, numeroMatricula='456', nombre='Jane', apellido='Smith'}
[2024-05-15 23:26:45] [ INFO ] [OdontologoService:18] Odontólogo guardado: Odontologo{id=2, numeroMatricula='456', nombre='Jane', apellido='Smith'}
[2024-05-15 23:26:45] [ INFO ] [OdontologoDaoCollection:42] Lista de todos los odontólogos: [Odontologo{id=1, numeroMatricula='123', nombre='John', apellido='Doe'}, Odontologo{id=2, numeroMatricula='456', nombre='Jane', apellido='Smith'}]
[2024-05-15 23:26:45] [ INFO ] [OdontologoService:35] Lista de todos los odontólogos: [Odontologo{id=1, numeroMatricula='123', nombre='John', apellido='Doe'}, Odontologo{id=2, numeroMatricula='456', nombre='Jane', apellido='Smith'}]
[2024-05-15 23:27:24] [ INFO ] [OdontologoDaoH2:29] Odontólogo guardado: Odontologo{id=25, numeroMatricula='123', nombre='John', apellido='Doe'}
[2024-05-15 23:27:24] [ INFO ] [OdontologoDaoH2:37] Conexión a la base de datos cerrada
[2024-05-15 23:27:24] [ INFO ] [OdontologoService:18] Odontólogo guardado: Odontologo{id=25, numeroMatricula='123', nombre='John', apellido='Doe'}
[2024-05-15 23:27:24] [ INFO ] [OdontologoDaoH2:57] Odontólogo encontrado: Odontologo{id=25, numeroMatricula='123', nombre='John', apellido='Doe'}
[2024-05-15 23:27:24] [ INFO ] [OdontologoDaoH2:65] Conexión a la base de datos cerrada
[2024-05-15 23:27:24] [ INFO ] [OdontologoService:29] Odontólogo encontrado: Odontologo{id=25, numeroMatricula='123', nombre='John', apellido='Doe'}
[2024-05-15 23:27:24] [ INFO ] [OdontologoDaoH2:29] Odontólogo guardado: Odontologo{id=26, numeroMatricula='123', nombre='John', apellido='Doe'}
[2024-05-15 23:27:24] [ INFO ] [OdontologoDaoH2:37] Conexión a la base de datos cerrada
[2024-05-15 23:27:24] [ INFO ] [OdontologoService:18] Odontólogo guardado: Odontologo{id=26, numeroMatricula='123', nombre='John', apellido='Doe'}
[2024-05-15 23:27:24] [ INFO ] [OdontologoDaoH2:29] Odontólogo guardado: Odontologo{id=27, numeroMatricula='456', nombre='Jane', apellido='Smith'}
[2024-05-15 23:27:24] [ INFO ] [OdontologoDaoH2:37] Conexión a la base de datos cerrada
[2024-05-15 23:27:24] [ INFO ] [OdontologoService:18] Odontólogo guardado: Odontologo{id=27, numeroMatricula='456', nombre='Jane', apellido='Smith'}
[2024-05-15 23:27:24] [ INFO ] [OdontologoDaoH2:108] Lista de todos los odontólogos: [Odontologo{id=26, numeroMatricula='123', nombre='John', apellido='Doe'}, Odontologo{id=27, numeroMatricula='456', nombre='Jane', apellido='Smith'}]
[2024-05-15 23:27:24] [ INFO ] [OdontologoDaoH2:115] Conexión a la base de datos cerrada
[2024-05-15 23:27:24] [ INFO ] [OdontologoService:35] Lista de todos los odontólogos: [Odontologo{id=26, numeroMatricula='123', nombre='John', apellido='Doe'}, Odontologo{id=27, numeroMatricula='456', nombre='Jane', apellido='Smith'}]
[2024-05-15 23:27:41] [ INFO ] [OdontologoDaoCollection:18] Odontólogo guardado: Odontologo{id=1, numeroMatricula='123', nombre='John', apellido='Doe'}
[2024-05-15 23:27:41] [ INFO ] [OdontologoService:18] Odontólogo guardado: Odontologo{id=1, numeroMatricula='123', nombre='John', apellido='Doe'}
[2024-05-15 23:27:41] [ INFO ] [OdontologoDaoCollection:26] Odontólogo encontrado: Odontologo{id=1, numeroMatricula='123', nombre='John', apellido='Doe'}
[2024-05-15 23:27:41] [ INFO ] [OdontologoService:29] Odontólogo encontrado: Odontologo{id=1, numeroMatricula='123', nombre='John', apellido='Doe'}
[2024-05-15 23:27:41] [ INFO ] [OdontologoDaoCollection:18] Odontólogo guardado: Odontologo{id=1, numeroMatricula='123', nombre='John', apellido='Doe'}
[2024-05-15 23:27:41] [ INFO ] [OdontologoService:18] Odontólogo guardado: Odontologo{id=1, numeroMatricula='123', nombre='John', apellido='Doe'}
[2024-05-15 23:27:41] [ INFO ] [OdontologoDaoCollection:18] Odontólogo guardado: Odontologo{id=2, numeroMatricula='456', nombre='Jane', apellido='Smith'}
[2024-05-15 23:27:41] [ INFO ] [OdontologoService:18] Odontólogo guardado: Odontologo{id=2, numeroMatricula='456', nombre='Jane', apellido='Smith'}
[2024-05-15 23:27:41] [ INFO ] [OdontologoDaoCollection:42] Lista de todos los odontólogos: [Odontologo{id=1, numeroMatricula='123', nombre='John', apellido='Doe'}, Odontologo{id=2, numeroMatricula='456', nombre='Jane', apellido='Smith'}]
[2024-05-15 23:27:41] [ INFO ] [OdontologoService:35] Lista de todos los odontólogos: [Odontologo{id=1, numeroMatricula='123', nombre='John', apellido='Doe'}, Odontologo{id=2, numeroMatricula='456', nombre='Jane', apellido='Smith'}]
[2024-05-15 23:28:11] [ INFO ] [OdontologoDaoCollection:18] Odontólogo guardado: Odontologo{id=1, numeroMatricula='123', nombre='John', apellido='Doe'}
[2024-05-15 23:28:11] [ INFO ] [OdontologoService:18] Odontólogo guardado: Odontologo{id=1, numeroMatricula='123', nombre='John', apellido='Doe'}
[2024-05-15 23:28:11] [ INFO ] [OdontologoDaoCollection:26] Odontólogo encontrado: Odontologo{id=1, numeroMatricula='123', nombre='John', apellido='Doe'}
[2024-05-15 23:28:11] [ INFO ] [OdontologoService:29] Odontólogo encontrado: Odontologo{id=1, numeroMatricula='123', nombre='John', apellido='Doe'}
[2024-05-15 23:28:11] [ INFO ] [OdontologoDaoCollection:18] Odontólogo guardado: Odontologo{id=1, numeroMatricula='123', nombre='John', apellido='Doe'}
[2024-05-15 23:28:11] [ INFO ] [OdontologoService:18] Odontólogo guardado: Odontologo{id=1, numeroMatricula='123', nombre='John', apellido='Doe'}
[2024-05-15 23:28:11] [ INFO ] [OdontologoDaoCollection:18] Odontólogo guardado: Odontologo{id=2, numeroMatricula='456', nombre='Jane', apellido='Smith'}
[2024-05-15 23:28:11] [ INFO ] [OdontologoService:18] Odontólogo guardado: Odontologo{id=2, numeroMatricula='456', nombre='Jane', apellido='Smith'}
[2024-05-15 23:28:11] [ INFO ] [OdontologoDaoCollection:42] Lista de todos los odontólogos: [Odontologo{id=1, numeroMatricula='123', nombre='John', apellido='Doe'}, Odontologo{id=2, numeroMatricula='456', nombre='Jane', apellido='Smith'}]
[2024-05-15 23:28:11] [ INFO ] [OdontologoService:35] Lista de todos los odontólogos: [Odontologo{id=1, numeroMatricula='123', nombre='John', apellido='Doe'}, Odontologo{id=2, numeroMatricula='456', nombre='Jane', apellido='Smith'}]
[2024-05-15 23:30:37] [ INFO ] [OdontologoDaoCollection:18] Odontólogo guardado: Odontologo{id=1, numeroMatricula='123', nombre='John', apellido='Doe'}
[2024-05-15 23:30:37] [ INFO ] [OdontologoDaoCollection:26] Odontólogo encontrado: Odontologo{id=1, numeroMatricula='123', nombre='John', apellido='Doe'}
[2024-05-15 23:30:38] [ INFO ] [OdontologoDaoCollection:18] Odontólogo guardado: Odontologo{id=1, numeroMatricula='123', nombre='John', apellido='Doe'}
[2024-05-15 23:30:38] [ INFO ] [OdontologoDaoCollection:18] Odontólogo guardado: Odontologo{id=2, numeroMatricula='456', nombre='Jane', apellido='Smith'}
[2024-05-15 23:30:38] [ INFO ] [OdontologoDaoCollection:42] Lista de todos los odontólogos: [Odontologo{id=1, numeroMatricula='123', nombre='John', apellido='Doe'}, Odontologo{id=2, numeroMatricula='456', nombre='Jane', apellido='Smith'}]
[2024-05-15 23:32:43] [ INFO ] [OdontologoDaoH2:29] Odontólogo guardado: Odontologo{id=28, numeroMatricula='123', nombre='John', apellido='Doe'}
[2024-05-15 23:32:43] [ INFO ] [OdontologoDaoH2:37] Conexión a la base de datos cerrada
[2024-05-15 23:32:43] [ INFO ] [OdontologoDaoH2:57] Odontólogo encontrado: Odontologo{id=28, numeroMatricula='123', nombre='John', apellido='Doe'}
[2024-05-15 23:32:43] [ INFO ] [OdontologoDaoH2:65] Conexión a la base de datos cerrada
[2024-05-15 23:32:43] [ INFO ] [OdontologoDaoH2:29] Odontólogo guardado: Odontologo{id=29, numeroMatricula='123', nombre='John', apellido='Doe'}
[2024-05-15 23:32:43] [ INFO ] [OdontologoDaoH2:37] Conexión a la base de datos cerrada
[2024-05-15 23:32:43] [ INFO ] [OdontologoDaoH2:29] Odontólogo guardado: Odontologo{id=30, numeroMatricula='456', nombre='Jane', apellido='Smith'}
[2024-05-15 23:32:43] [ INFO ] [OdontologoDaoH2:37] Conexión a la base de datos cerrada
[2024-05-15 23:32:43] [ INFO ] [OdontologoDaoH2:108] Lista de todos los odontólogos: [Odontologo{id=29, numeroMatricula='123', nombre='John', apellido='Doe'}, Odontologo{id=30, numeroMatricula='456', nombre='Jane', apellido='Smith'}]
[2024-05-15 23:32:43] [ INFO ] [OdontologoDaoH2:115] Conexión a la base de datos cerrada
[2024-05-15 23:38:45] [ INFO ] [OdontologoDaoH2:29] Odontólogo guardado: Odontologo{id=31, numeroMatricula='123', nombre='John', apellido='Doe'}
[2024-05-15 23:38:45] [ INFO ] [OdontologoDaoH2:37] Conexión a la base de datos cerrada
[2024-05-15 23:38:45] [ INFO ] [OdontologoDaoH2:57] Odontólogo encontrado: Odontologo{id=31, numeroMatricula='123', nombre='John', apellido='Doe'}
[2024-05-15 23:38:45] [ INFO ] [OdontologoDaoH2:65] Conexión a la base de datos cerrada
[2024-05-15 23:38:45] [ INFO ] [OdontologoDaoH2:29] Odontólogo guardado: Odontologo{id=32, numeroMatricula='123', nombre='John', apellido='Doe'}
[2024-05-15 23:38:45] [ INFO ] [OdontologoDaoH2:37] Conexión a la base de datos cerrada
[2024-05-15 23:38:45] [ INFO ] [OdontologoDaoH2:29] Odontólogo guardado: Odontologo{id=33, numeroMatricula='456', nombre='Jane', apellido='Smith'}
[2024-05-15 23:38:45] [ INFO ] [OdontologoDaoH2:37] Conexión a la base de datos cerrada
[2024-05-15 23:38:45] [ INFO ] [OdontologoDaoH2:86] Lista de todos los odontólogos: [Odontologo{id=32, numeroMatricula='123', nombre='John', apellido='Doe'}, Odontologo{id=33, numeroMatricula='456', nombre='Jane', apellido='Smith'}]
[2024-05-15 23:38:45] [ INFO ] [OdontologoDaoH2:93] Conexión a la base de datos cerrada
[2024-05-15 23:39:44] [ INFO ] [OdontologoDaoH2:29] Odontólogo guardado: Odontologo{id=34, numeroMatricula='123', nombre='John', apellido='Doe'}
[2024-05-15 23:39:44] [ INFO ] [OdontologoDaoH2:37] Conexión a la base de datos cerrada
[2024-05-15 23:39:44] [ INFO ] [OdontologoDaoH2:57] Odontólogo encontrado: Odontologo{id=34, numeroMatricula='123', nombre='John', apellido='Doe'}
[2024-05-15 23:39:44] [ INFO ] [OdontologoDaoH2:65] Conexión a la base de datos cerrada
[2024-05-15 23:39:45] [ INFO ] [OdontologoDaoH2:29] Odontólogo guardado: Odontologo{id=35, numeroMatricula='123', nombre='John', apellido='Doe'}
[2024-05-15 23:39:45] [ INFO ] [OdontologoDaoH2:37] Conexión a la base de datos cerrada
[2024-05-15 23:39:45] [ INFO ] [OdontologoDaoH2:29] Odontólogo guardado: Odontologo{id=36, numeroMatricula='456', nombre='Jane', apellido='Smith'}
[2024-05-15 23:39:45] [ INFO ] [OdontologoDaoH2:37] Conexión a la base de datos cerrada
[2024-05-15 23:39:45] [ INFO ] [OdontologoDaoH2:86] Lista de todos los odontólogos: [Odontologo{id=35, numeroMatricula='123', nombre='John', apellido='Doe'}, Odontologo{id=36, numeroMatricula='456', nombre='Jane', apellido='Smith'}]
[2024-05-15 23:39:45] [ INFO ] [OdontologoDaoH2:93] Conexión a la base de datos cerrada
[2024-05-15 23:40:03] [ INFO ] [BD:33] Tabla ODONTOLOGOS creada o ya existe
[2024-05-15 23:40:12] [ INFO ] [OdontologoDaoH2:29] Odontólogo guardado: Odontologo{id=37, numeroMatricula='123', nombre='John', apellido='Doe'}
[2024-05-15 23:40:12] [ INFO ] [OdontologoDaoH2:37] Conexión a la base de datos cerrada
[2024-05-15 23:40:12] [ INFO ] [OdontologoDaoH2:57] Odontólogo encontrado: Odontologo{id=37, numeroMatricula='123', nombre='John', apellido='Doe'}
[2024-05-15 23:40:12] [ INFO ] [OdontologoDaoH2:65] Conexión a la base de datos cerrada
[2024-05-15 23:40:12] [ INFO ] [OdontologoDaoH2:29] Odontólogo guardado: Odontologo{id=38, numeroMatricula='123', nombre='John', apellido='Doe'}
[2024-05-15 23:40:12] [ INFO ] [OdontologoDaoH2:37] Conexión a la base de datos cerrada
[2024-05-15 23:40:12] [ INFO ] [OdontologoDaoH2:29] Odontólogo guardado: Odontologo{id=39, numeroMatricula='456', nombre='Jane', apellido='Smith'}
[2024-05-15 23:40:12] [ INFO ] [OdontologoDaoH2:37] Conexión a la base de datos cerrada
[2024-05-15 23:40:12] [ INFO ] [OdontologoDaoH2:86] Lista de todos los odontólogos: [Odontologo{id=38, numeroMatricula='123', nombre='John', apellido='Doe'}, Odontologo{id=39, numeroMatricula='456', nombre='Jane', apellido='Smith'}]
[2024-05-15 23:40:12] [ INFO ] [OdontologoDaoH2:93] Conexión a la base de datos cerrada
[2024-05-15 23:40:37] [ INFO ] [OdontologoDaoH2:29] Odontólogo guardado: Odontologo{id=40, numeroMatricula='123', nombre='John', apellido='Doe'}
[2024-05-15 23:40:37] [ INFO ] [OdontologoDaoH2:37] Conexión a la base de datos cerrada
[2024-05-15 23:40:37] [ INFO ] [OdontologoDaoH2:57] Odontólogo encontrado: Odontologo{id=40, numeroMatricula='123', nombre='John', apellido='Doe'}
[2024-05-15 23:40:37] [ INFO ] [OdontologoDaoH2:29] Odontólogo guardado: Odontologo{id=41, numeroMatricula='123', nombre='John', apellido='Doe'}
[2024-05-15 23:40:37] [ INFO ] [OdontologoDaoH2:37] Conexión a la base de datos cerrada
[2024-05-15 23:40:38] [ INFO ] [OdontologoDaoH2:29] Odontólogo guardado: Odontologo{id=42, numeroMatricula='456', nombre='Jane', apellido='Smith'}
[2024-05-15 23:40:38] [ INFO ] [OdontologoDaoH2:37] Conexión a la base de datos cerrada
[2024-05-15 23:40:38] [ INFO ] [OdontologoDaoH2:85] Lista de todos los odontólogos: [Odontologo{id=41, numeroMatricula='123', nombre='John', apellido='Doe'}, Odontologo{id=42, numeroMatricula='456', nombre='Jane', apellido='Smith'}]
[2024-05-15 23:40:38] [ INFO ] [OdontologoDaoH2:92] Conexión a la base de datos cerrada
[2024-05-15 23:41:05] [ INFO ] [OdontologoDaoH2:29] Odontólogo guardado: Odontologo{id=43, numeroMatricula='123', nombre='John', apellido='Doe'}
[2024-05-15 23:41:05] [ INFO ] [OdontologoDaoH2:37] Conexión a la base de datos cerrada
[2024-05-15 23:41:05] [ INFO ] [OdontologoDaoH2:57] Odontólogo encontrado: Odontologo{id=43, numeroMatricula='123', nombre='John', apellido='Doe'}
[2024-05-15 23:41:05] [ INFO ] [OdontologoDaoH2:29] Odontólogo guardado: Odontologo{id=44, numeroMatricula='123', nombre='John', apellido='Doe'}
[2024-05-15 23:41:05] [ INFO ] [OdontologoDaoH2:37] Conexión a la base de datos cerrada
[2024-05-15 23:41:05] [ INFO ] [OdontologoDaoH2:29] Odontólogo guardado: Odontologo{id=45, numeroMatricula='456', nombre='Jane', apellido='Smith'}
[2024-05-15 23:41:05] [ INFO ] [OdontologoDaoH2:37] Conexión a la base de datos cerrada
[2024-05-15 23:41:05] [ INFO ] [OdontologoDaoH2:85] Lista de todos los odontólogos: [Odontologo{id=44, numeroMatricula='123', nombre='John', apellido='Doe'}, Odontologo{id=45, numeroMatricula='456', nombre='Jane', apellido='Smith'}]
[2024-05-15 23:41:41] [ INFO ] [OdontologoDaoH2:29] Odontólogo guardado: Odontologo{id=46, numeroMatricula='123', nombre='John', apellido='Doe'}
[2024-05-15 23:41:41] [ INFO ] [OdontologoDaoH2:56] Odontólogo encontrado: Odontologo{id=46, numeroMatricula='123', nombre='John', apellido='Doe'}
[2024-05-15 23:41:41] [ INFO ] [OdontologoDaoH2:29] Odontólogo guardado: Odontologo{id=47, numeroMatricula='123', nombre='John', apellido='Doe'}
[2024-05-15 23:41:41] [ INFO ] [OdontologoDaoH2:29] Odontólogo guardado: Odontologo{id=48, numeroMatricula='456', nombre='Jane', apellido='Smith'}
[2024-05-15 23:41:41] [ INFO ] [OdontologoDaoH2:84] Lista de todos los odontólogos: [Odontologo{id=47, numeroMatricula='123', nombre='John', apellido='Doe'}, Odontologo{id=48, numeroMatricula='456', nombre='Jane', apellido='Smith'}]
